**********************************************************
* Session del log iniciada  (28-03-2017 a las 12:15:28)  *
**********************************************************
TH: 5 - ::1:63638 - 28/03/2017 12:18:49 - MSG: Error al crear el viaje programado: El usuario no es valido
TH: 5 - ::1:63638 - 28/03/2017 12:19:34 - MSG: Error al crear el viaje programado: Input string was not in a correct format. (   at System.Number.StringToNumber(String str, NumberStyles options, NumberBuffer& number, NumberFormatInfo info, Boolean parseDecimal)
   at System.Number.ParseInt32(String s, NumberStyles style, NumberFormatInfo info)
   at System.Convert.ToInt32(String value)
   at WCFOndaVerde.Mobile.CreateScheduledTrip(Double tripFromLocationLat, Double tripFromLocationLng, Nullable`1 tripToLocationLat, Nullable`1 tripToLocationLng, String tripFromAddress, String tripToAddress, String accountCode, Nullable`1 partnerCompanyID, String reference, String date, String time, String tripType, String passengerPhone, Boolean outOfCapital, String sessionID) in e:\Projects\OndaVerde - Etapa_3\OndaVerde\WCFOndaVerde\Services\Mobile.svc.cs:line 1918)
TH: 5 - ::1:63638 - 28/03/2017 12:20:58 - MSG: Error al crear el viaje programado: Input string was not in a correct format. (   at System.Number.StringToNumber(String str, NumberStyles options, NumberBuffer& number, NumberFormatInfo info, Boolean parseDecimal)
   at System.Number.ParseInt32(String s, NumberStyles style, NumberFormatInfo info)
   at System.Convert.ToInt32(String value)
   at WCFOndaVerde.Mobile.CreateScheduledTrip(Double tripFromLocationLat, Double tripFromLocationLng, Nullable`1 tripToLocationLat, Nullable`1 tripToLocationLng, String tripFromAddress, String tripToAddress, String accountCode, Nullable`1 partnerCompanyID, String reference, String date, String time, String tripType, String passengerPhone, Boolean outOfCapital, String sessionID) in e:\Projects\OndaVerde - Etapa_3\OndaVerde\WCFOndaVerde\Services\Mobile.svc.cs:line 1918)
TH: 5 - ::1:63638 - 28/03/2017 12:21:02 - MSG: Error al crear el viaje programado: El usuario no es valido
TH: 5 - ::1:63638 - 28/03/2017 12:21:50 - MSG: Error al crear el viaje programado: Object reference not set to an instance of an object. (   at WCFOndaVerde.Mobile.CreateScheduledTrip(Double tripFromLocationLat, Double tripFromLocationLng, Nullable`1 tripToLocationLat, Nullable`1 tripToLocationLng, String tripFromAddress, String tripToAddress, String accountCode, Nullable`1 partnerCompanyID, String reference, String date, String time, String tripType, String passengerPhone, Boolean outOfCapital, String sessionID) in e:\Projects\OndaVerde - Etapa_3\OndaVerde\WCFOndaVerde\Services\Mobile.svc.cs:line 1919)
TH: 5 - ::1:63638 - 28/03/2017 12:23:15 - MSG: Error al crear el viaje programado: Object reference not set to an instance of an object. (   at WCFOndaVerde.Mobile.CreateScheduledTrip(Double tripFromLocationLat, Double tripFromLocationLng, Nullable`1 tripToLocationLat, Nullable`1 tripToLocationLng, String tripFromAddress, String tripToAddress, String accountCode, Nullable`1 partnerCompanyID, String reference, String date, String time, String tripType, String passengerPhone, Boolean outOfCapital, String sessionID) in e:\Projects\OndaVerde - Etapa_3\OndaVerde\WCFOndaVerde\Services\Mobile.svc.cs:line 1919)
TH: 5 - ::1:63638 - 28/03/2017 12:23:58 - MSG: Error al crear el viaje programado: El usuario no es valido
TH: 5 - ::1:63638 - 28/03/2017 12:25:57 - MSG: Error al crear el viaje programado: Crear Viaje Programado: Error inesperado al insertar el registro.(24201: Latitude values must be between -90 and 90 degrees.:    at OndaVerde.Data.ADONETDataAccess.DataAccess.AddGeoPointParameter(String parameterName, Nullable`1 lat, Nullable`1 lng) in e:\Projects\OndaVerde - Etapa_3\OndaVerde\DataAccess\DataAccess.cs:line 1255
   at OndaVerde.Logic.Trip.AddScheduleTrip(Double TripFromLocationLat, Double TripFromLocationLng, Nullable`1 TripToLocationLat, Nullable`1 TripToLocationLng, String TripFromAddress, String TripToAddress, Int32 ClientUserID, Nullable`1 partnerCompanyID, String accountCode, String subCardCode, String reference, DateTime start, String tripType, Boolean isMobile, String observations, String passenger, String contactPhone, String additionalData, String userTelephonist, Boolean outOfCapital, String tableTransfersCode, String conditions) in e:\Projects\OndaVerde - Etapa_3\OndaVerde\Logic\Trip.cs:line 2580) (   at OndaVerde.Logic.Trip.AddScheduleTrip(Double TripFromLocationLat, Double TripFromLocationLng, Nullable`1 TripToLocationLat, Nullable`1 TripToLocationLng, String TripFromAddress, String TripToAddress, Int32 ClientUserID, Nullable`1 partnerCompanyID, String accountCode, String subCardCode, String reference, DateTime start, String tripType, Boolean isMobile, String observations, String passenger, String contactPhone, String additionalData, String userTelephonist, Boolean outOfCapital, String tableTransfersCode, String conditions) in e:\Projects\OndaVerde - Etapa_3\OndaVerde\Logic\Trip.cs:line 2651
   at WCFOndaVerde.Mobile.CreateScheduledTrip(Double tripFromLocationLat, Double tripFromLocationLng, Nullable`1 tripToLocationLat, Nullable`1 tripToLocationLng, String tripFromAddress, String tripToAddress, String accountCode, Nullable`1 partnerCompanyID, String reference, String date, String time, String tripType, String passengerPhone, Boolean outOfCapital, String sessionID) in e:\Projects\OndaVerde - Etapa_3\OndaVerde\WCFOndaVerde\Services\Mobile.svc.cs:line 1919)
TH: 5 - 28/03/2017 12:26:25 - MSG: Logout - UserID: 687
TH: 5 - ::1:63638 - 28/03/2017 12:26:25 - MSG: Error al crear el viaje programado: El usuario no es valido
TH: 5 - ::1:63638 - 28/03/2017 12:26:33 - MSG: Error al crear el viaje programado: El usuario no es valido
TH: 5 - ::1:63638 - 28/03/2017 12:27:43 - MSG: Error al crear el viaje programado: Crear Viaje Programado: Error inesperado al insertar el registro.(24201: Latitude values must be between -90 and 90 degrees.:    at OndaVerde.Data.ADONETDataAccess.DataAccess.AddGeoPointParameter(String parameterName, Nullable`1 lat, Nullable`1 lng) in e:\Projects\OndaVerde - Etapa_3\OndaVerde\DataAccess\DataAccess.cs:line 1255
   at OndaVerde.Logic.Trip.AddScheduleTrip(Double TripFromLocationLat, Double TripFromLocationLng, Nullable`1 TripToLocationLat, Nullable`1 TripToLocationLng, String TripFromAddress, String TripToAddress, Int32 ClientUserID, Nullable`1 partnerCompanyID, String accountCode, String subCardCode, String reference, DateTime start, String tripType, Boolean isMobile, String observations, String passenger, String contactPhone, String additionalData, String userTelephonist, Boolean outOfCapital, String tableTransfersCode, String conditions) in e:\Projects\OndaVerde - Etapa_3\OndaVerde\Logic\Trip.cs:line 2580) (   at OndaVerde.Logic.Trip.AddScheduleTrip(Double TripFromLocationLat, Double TripFromLocationLng, Nullable`1 TripToLocationLat, Nullable`1 TripToLocationLng, String TripFromAddress, String TripToAddress, Int32 ClientUserID, Nullable`1 partnerCompanyID, String accountCode, String subCardCode, String reference, DateTime start, String tripType, Boolean isMobile, String observations, String passenger, String contactPhone, String additionalData, String userTelephonist, Boolean outOfCapital, String tableTransfersCode, String conditions) in e:\Projects\OndaVerde - Etapa_3\OndaVerde\Logic\Trip.cs:line 2651
   at WCFOndaVerde.Mobile.CreateScheduledTrip(Double tripFromLocationLat, Double tripFromLocationLng, Nullable`1 tripToLocationLat, Nullable`1 tripToLocationLng, String tripFromAddress, String tripToAddress, String accountCode, Nullable`1 partnerCompanyID, String reference, String date, String time, String tripType, String passengerPhone, Boolean outOfCapital, String sessionID) in e:\Projects\OndaVerde - Etapa_3\OndaVerde\WCFOndaVerde\Services\Mobile.svc.cs:line 1919)
TH: 5 - 28/03/2017 12:27:55 - MSG: Logout - UserID: 687
TH: 5 - ::1:63638 - 28/03/2017 12:27:55 - MSG: Error al crear el viaje programado: El usuario no es valido
TH: 5 - ::1:63638 - 28/03/2017 12:29:37 - MSG: Error al crear el viaje programado: El usuario no es valido
**********************************************************
* Session del log iniciada  (26-04-2017 a las 12:01:57)  *
**********************************************************
**********************************************************
* Session del log iniciada  (04-05-2017 a las 10:44:16)  *
**********************************************************
TH: 6 - ::1:60204 - 04/05/2017 10:45:10 - MSG: Error de autenticacion: Error inesperado al realizar el login.(Login failed for user 'TaxiGuardian'.:    at TaxiGuardian.Data.ADONETDataAccess.DataAccess.AddParameter(String parameterName, Object parameterValue) in e:\Projects\TaxiGuardianSL\TaxiGuardian\DataAccess\DataAccess.cs:line 1219
   at TaxiGuardian.Logic.User.LoginClient(String mobile, String userPassword, String sessionID, Boolean updateLastLogin, String pushDeviceRegistrationID, Object& oResult) in e:\Projects\TaxiGuardian\TaxiGuardian\Logic\User.cs:line 1271) (   at TaxiGuardian.Logic.User.LoginClient(String mobile, String userPassword, String sessionID, Boolean updateLastLogin, String pushDeviceRegistrationID, Object& oResult) in e:\Projects\TaxiGuardian\TaxiGuardian\Logic\User.cs:line 1305
   at WCFTaxiGuardian.Mobile.LoginClient(String mobile, String userPassword, String pushDeviceRegistrationID) in e:\Projects\TaxiGuardian\TaxiGuardian\WCFTaxiGuardian\Services\Mobile.svc.cs:line 279)
TH: 6 - ::1:60204 - 04/05/2017 10:45:49 - MSG: Error de autenticacion: Error inesperado al realizar el login.(Login failed for user 'TaxiGuardian'.:    at TaxiGuardian.Data.ADONETDataAccess.DataAccess.AddParameter(String parameterName, Object parameterValue) in e:\Projects\TaxiGuardianSL\TaxiGuardian\DataAccess\DataAccess.cs:line 1219
   at TaxiGuardian.Logic.User.LoginClient(String mobile, String userPassword, String sessionID, Boolean updateLastLogin, String pushDeviceRegistrationID, Object& oResult) in e:\Projects\TaxiGuardian\TaxiGuardian\Logic\User.cs:line 1271) (   at TaxiGuardian.Logic.User.LoginClient(String mobile, String userPassword, String sessionID, Boolean updateLastLogin, String pushDeviceRegistrationID, Object& oResult) in e:\Projects\TaxiGuardian\TaxiGuardian\Logic\User.cs:line 1305
   at WCFTaxiGuardian.Mobile.LoginClient(String mobile, String userPassword, String pushDeviceRegistrationID) in e:\Projects\TaxiGuardian\TaxiGuardian\WCFTaxiGuardian\Services\Mobile.svc.cs:line 279)
TH: 6 - ::1:60204 - 04/05/2017 10:46:41 - MSG: Error de autenticacion: Error inesperado al realizar el login.(Login failed for user 'TaxiGuardian'.:    at TaxiGuardian.Data.ADONETDataAccess.DataAccess.AddParameter(String parameterName, Object parameterValue) in e:\Projects\TaxiGuardianSL\TaxiGuardian\DataAccess\DataAccess.cs:line 1219
   at TaxiGuardian.Logic.User.LoginClient(String mobile, String userPassword, String sessionID, Boolean updateLastLogin, String pushDeviceRegistrationID, Object& oResult) in e:\Projects\TaxiGuardian\TaxiGuardian\Logic\User.cs:line 1271) (   at TaxiGuardian.Logic.User.LoginClient(String mobile, String userPassword, String sessionID, Boolean updateLastLogin, String pushDeviceRegistrationID, Object& oResult) in e:\Projects\TaxiGuardian\TaxiGuardian\Logic\User.cs:line 1305
   at WCFTaxiGuardian.Mobile.LoginClient(String mobile, String userPassword, String pushDeviceRegistrationID) in e:\Projects\TaxiGuardian\TaxiGuardian\WCFTaxiGuardian\Services\Mobile.svc.cs:line 279)
**********************************************************
* Session del log iniciada  (04-05-2017 a las 10:47:35)  *
**********************************************************
**********************************************************
* Session del log iniciada  (31-05-2017 a las 18:09:55)  *
**********************************************************
TH: 16 - ::1:61470 - 31/05/2017 18:11:39 - MSG: Error al obtener el viaje: Object reference not set to an instance of an object. (   at WCFTaxiGuardian.Mobile.GetPromos(Int32 userTypeID, String sessionID) in e:\Projects\TaxiGuardian\TaxiGuardian\WCFTaxiGuardian\Services\Mobile.svc.cs:line 1703)
**********************************************************
* Session del log iniciada  (27-06-2017 a las 15:41:45)  *
**********************************************************
**********************************************************
* Session del log iniciada  (27-06-2017 a las 15:44:43)  *
**********************************************************
**********************************************************
* Session del log iniciada  (27-06-2017 a las 15:50:32)  *
**********************************************************
